<?xml version="1.0" encoding="UTF-8"?>
<coverage generated="1651448602023" clover="3.2.0">
  <project timestamp="1651448602023" name="All files">
    <metrics statements="62" coveredstatements="57" conditionals="32" coveredconditionals="27" methods="15" coveredmethods="14" elements="109" coveredelements="98" complexity="0" loc="62" ncloc="62" packages="14" files="20" classes="20"/>
    <package name="src">
      <metrics statements="1" coveredstatements="1" conditionals="0" coveredconditionals="0" methods="1" coveredmethods="1"/>
      <file name="App.js" path="C:\Users\LENOVO\Documents\TestingBootCampWizeline\src\App.js">
        <metrics statements="1" coveredstatements="1" conditionals="0" coveredconditionals="0" methods="1" coveredmethods="1"/>
        <line num="4" count="1" type="stmt"/>
      </file>
    </package>
    <package name="src.components">
      <metrics statements="0" coveredstatements="0" conditionals="0" coveredconditionals="0" methods="0" coveredmethods="0"/>
      <file name="index.js" path="C:\Users\LENOVO\Documents\TestingBootCampWizeline\src\components\index.js">
        <metrics statements="0" coveredstatements="0" conditionals="0" coveredconditionals="0" methods="0" coveredmethods="0"/>
      </file>
    </package>
    <package name="src.components.DatePicker">
      <metrics statements="5" coveredstatements="4" conditionals="2" coveredconditionals="2" methods="3" coveredmethods="2"/>
      <file name="index.js" path="C:\Users\LENOVO\Documents\TestingBootCampWizeline\src\components\DatePicker\index.js">
        <metrics statements="0" coveredstatements="0" conditionals="0" coveredconditionals="0" methods="0" coveredmethods="0"/>
      </file>
      <file name="picture-date-picker.jsx" path="C:\Users\LENOVO\Documents\TestingBootCampWizeline\src\components\DatePicker\picture-date-picker.jsx">
        <metrics statements="5" coveredstatements="4" conditionals="2" coveredconditionals="2" methods="3" coveredmethods="2"/>
        <line num="8" count="2" type="stmt"/>
        <line num="9" count="11" type="stmt"/>
        <line num="11" count="11" type="stmt"/>
        <line num="18" count="0" type="stmt"/>
        <line num="20" count="14" type="stmt"/>
      </file>
    </package>
    <package name="src.components.DatePicker.styles">
      <metrics statements="1" coveredstatements="1" conditionals="0" coveredconditionals="0" methods="0" coveredmethods="0"/>
      <file name="picture-date-picker.styled.js" path="C:\Users\LENOVO\Documents\TestingBootCampWizeline\src\components\DatePicker\styles\picture-date-picker.styled.js">
        <metrics statements="1" coveredstatements="1" conditionals="0" coveredconditionals="0" methods="0" coveredmethods="0"/>
        <line num="3" count="2" type="stmt"/>
      </file>
    </package>
    <package name="src.components.Footer">
      <metrics statements="2" coveredstatements="2" conditionals="0" coveredconditionals="0" methods="1" coveredmethods="1"/>
      <file name="footer.jsx" path="C:\Users\LENOVO\Documents\TestingBootCampWizeline\src\components\Footer\footer.jsx">
        <metrics statements="2" coveredstatements="2" conditionals="0" coveredconditionals="0" methods="1" coveredmethods="1"/>
        <line num="4" count="2" type="stmt"/>
        <line num="5" count="11" type="stmt"/>
      </file>
      <file name="index.js" path="C:\Users\LENOVO\Documents\TestingBootCampWizeline\src\components\Footer\index.js">
        <metrics statements="0" coveredstatements="0" conditionals="0" coveredconditionals="0" methods="0" coveredmethods="0"/>
      </file>
    </package>
    <package name="src.components.Footer.styles">
      <metrics statements="2" coveredstatements="2" conditionals="0" coveredconditionals="0" methods="0" coveredmethods="0"/>
      <file name="footer.styled.js" path="C:\Users\LENOVO\Documents\TestingBootCampWizeline\src\components\Footer\styles\footer.styled.js">
        <metrics statements="2" coveredstatements="2" conditionals="0" coveredconditionals="0" methods="0" coveredmethods="0"/>
        <line num="4" count="2" type="stmt"/>
        <line num="10" count="2" type="stmt"/>
      </file>
    </package>
    <package name="src.components.Header">
      <metrics statements="2" coveredstatements="2" conditionals="0" coveredconditionals="0" methods="1" coveredmethods="1"/>
      <file name="header.jsx" path="C:\Users\LENOVO\Documents\TestingBootCampWizeline\src\components\Header\header.jsx">
        <metrics statements="2" coveredstatements="2" conditionals="0" coveredconditionals="0" methods="1" coveredmethods="1"/>
        <line num="3" count="2" type="stmt"/>
        <line num="4" count="11" type="stmt"/>
      </file>
      <file name="index.js" path="C:\Users\LENOVO\Documents\TestingBootCampWizeline\src\components\Header\index.js">
        <metrics statements="0" coveredstatements="0" conditionals="0" coveredconditionals="0" methods="0" coveredmethods="0"/>
      </file>
    </package>
    <package name="src.components.Header.styles">
      <metrics statements="2" coveredstatements="2" conditionals="0" coveredconditionals="0" methods="0" coveredmethods="0"/>
      <file name="header.styled.js" path="C:\Users\LENOVO\Documents\TestingBootCampWizeline\src\components\Header\styles\header.styled.js">
        <metrics statements="2" coveredstatements="2" conditionals="0" coveredconditionals="0" methods="0" coveredmethods="0"/>
        <line num="4" count="2" type="stmt"/>
        <line num="10" count="2" type="stmt"/>
      </file>
    </package>
    <package name="src.components.Loading">
      <metrics statements="2" coveredstatements="2" conditionals="0" coveredconditionals="0" methods="1" coveredmethods="1"/>
      <file name="index.js" path="C:\Users\LENOVO\Documents\TestingBootCampWizeline\src\components\Loading\index.js">
        <metrics statements="0" coveredstatements="0" conditionals="0" coveredconditionals="0" methods="0" coveredmethods="0"/>
      </file>
      <file name="loading.jsx" path="C:\Users\LENOVO\Documents\TestingBootCampWizeline\src\components\Loading\loading.jsx">
        <metrics statements="2" coveredstatements="2" conditionals="0" coveredconditionals="0" methods="1" coveredmethods="1"/>
        <line num="5" count="2" type="stmt"/>
        <line num="6" count="8" type="stmt"/>
      </file>
    </package>
    <package name="src.components.Loading.styles">
      <metrics statements="1" coveredstatements="1" conditionals="0" coveredconditionals="0" methods="0" coveredmethods="0"/>
      <file name="loading.styled.js" path="C:\Users\LENOVO\Documents\TestingBootCampWizeline\src\components\Loading\styles\loading.styled.js">
        <metrics statements="1" coveredstatements="1" conditionals="0" coveredconditionals="0" methods="0" coveredmethods="0"/>
        <line num="3" count="2" type="stmt"/>
      </file>
    </package>
    <package name="src.hooks">
      <metrics statements="27" coveredstatements="23" conditionals="8" coveredconditionals="5" methods="4" coveredmethods="4"/>
      <file name="useGetData.jsx" path="C:\Users\LENOVO\Documents\TestingBootCampWizeline\src\hooks\useGetData.jsx">
        <metrics statements="27" coveredstatements="23" conditionals="8" coveredconditionals="5" methods="4" coveredmethods="4"/>
        <line num="5" count="2" type="stmt"/>
        <line num="6" count="13" type="stmt"/>
        <line num="7" count="12" type="stmt"/>
        <line num="8" count="12" type="stmt"/>
        <line num="9" count="12" type="stmt"/>
        <line num="11" count="12" type="stmt"/>
        <line num="12" count="9" type="stmt"/>
        <line num="13" count="8" type="cond" truecount="1" falsecount="1"/>
        <line num="14" count="8" type="stmt"/>
        <line num="15" count="8" type="stmt"/>
        <line num="16" count="8" type="stmt"/>
        <line num="17" count="8" type="stmt"/>
        <line num="19" count="0" type="stmt"/>
        <line num="22" count="9" type="cond" truecount="4" falsecount="0"/>
        <line num="23" count="8" type="stmt"/>
        <line num="25" count="8" type="stmt"/>
        <line num="27" count="8" type="stmt"/>
        <line num="28" count="8" type="stmt"/>
        <line num="29" count="4" type="stmt"/>
        <line num="30" count="4" type="stmt"/>
        <line num="33" count="0" type="cond" truecount="0" falsecount="2"/>
        <line num="34" count="0" type="stmt"/>
        <line num="35" count="0" type="stmt"/>
        <line num="37" count="4" type="stmt"/>
        <line num="41" count="12" type="stmt"/>
        <line num="42" count="9" type="stmt"/>
        <line num="45" count="12" type="stmt"/>
      </file>
    </package>
    <package name="src.mocks">
      <metrics statements="6" coveredstatements="6" conditionals="2" coveredconditionals="2" methods="1" coveredmethods="1"/>
      <file name="handlers.js" path="C:\Users\LENOVO\Documents\TestingBootCampWizeline\src\mocks\handlers.js">
        <metrics statements="5" coveredstatements="5" conditionals="2" coveredconditionals="2" methods="1" coveredmethods="1"/>
        <line num="3" count="2" type="stmt"/>
        <line num="5" count="8" type="stmt"/>
        <line num="6" count="8" type="cond" truecount="2" falsecount="0"/>
        <line num="7" count="1" type="stmt"/>
        <line num="16" count="7" type="stmt"/>
      </file>
      <file name="server.js" path="C:\Users\LENOVO\Documents\TestingBootCampWizeline\src\mocks\server.js">
        <metrics statements="1" coveredstatements="1" conditionals="0" coveredconditionals="0" methods="0" coveredmethods="0"/>
        <line num="4" count="2" type="stmt"/>
      </file>
    </package>
    <package name="src.pages.picture-of-the-day">
      <metrics statements="11" coveredstatements="11" conditionals="20" coveredconditionals="18" methods="3" coveredmethods="3"/>
      <file name="index.js" path="C:\Users\LENOVO\Documents\TestingBootCampWizeline\src\pages\picture-of-the-day\index.js">
        <metrics statements="0" coveredstatements="0" conditionals="0" coveredconditionals="0" methods="0" coveredmethods="0"/>
      </file>
      <file name="picture-of-the-day.jsx" path="C:\Users\LENOVO\Documents\TestingBootCampWizeline\src\pages\picture-of-the-day\picture-of-the-day.jsx">
        <metrics statements="11" coveredstatements="11" conditionals="20" coveredconditionals="18" methods="3" coveredmethods="3"/>
        <line num="10" count="2" type="stmt"/>
        <line num="17" count="2" type="stmt"/>
        <line num="25" count="2" type="stmt"/>
        <line num="32" count="11" type="cond" truecount="2" falsecount="0"/>
        <line num="38" count="2" type="stmt"/>
        <line num="48" count="2" type="stmt"/>
        <line num="59" count="2" type="stmt"/>
        <line num="68" count="11" type="cond" truecount="2" falsecount="0"/>
        <line num="77" count="2" type="stmt"/>
        <line num="78" count="13" type="stmt"/>
        <line num="80" count="12" type="stmt"/>
      </file>
    </package>
    <package name="src.pages.picture-of-the-day.styles">
      <metrics statements="0" coveredstatements="0" conditionals="0" coveredconditionals="0" methods="0" coveredmethods="0"/>
      <file name="picture-of-the-day.styled.js" path="C:\Users\LENOVO\Documents\TestingBootCampWizeline\src\pages\picture-of-the-day\styles\picture-of-the-day.styled.js">
        <metrics statements="0" coveredstatements="0" conditionals="0" coveredconditionals="0" methods="0" coveredmethods="0"/>
      </file>
    </package>
  </project>
</coverage>
