{"C:\\Users\\LENOVO\\Documents\\TestingBootCampWizeline\\src\\App.js": {"path":"C:\\Users\\LENOVO\\Documents\\TestingBootCampWizeline\\src\\App.js","statementMap":{"0":{"start":{"line":4,"column":2},"end":{"line":4,"column":29}}},"fnMap":{"0":{"name":"App","decl":{"start":{"line":3,"column":9},"end":{"line":3,"column":12}},"loc":{"start":{"line":3,"column":15},"end":{"line":5,"column":1}},"line":3}},"branchMap":{},"s":{"0":1},"f":{"0":1},"b":{},"_coverageSchema":"1a1c01bbd47fc00a2c39e90264f33305004495a9","hash":"7dbd0bfbbcf37fed0a545083db0fcc628b6c35dd"}
,"C:\\Users\\LENOVO\\Documents\\TestingBootCampWizeline\\src\\components\\index.js": {"path":"C:\\Users\\LENOVO\\Documents\\TestingBootCampWizeline\\src\\components\\index.js","statementMap":{},"fnMap":{},"branchMap":{},"s":{},"f":{},"b":{},"_coverageSchema":"1a1c01bbd47fc00a2c39e90264f33305004495a9","hash":"401f2967f97ba574fe683c77da4a3aa29e9d7aed"}
,"C:\\Users\\LENOVO\\Documents\\TestingBootCampWizeline\\src\\components\\DatePicker\\index.js": {"path":"C:\\Users\\LENOVO\\Documents\\TestingBootCampWizeline\\src\\components\\DatePicker\\index.js","statementMap":{},"fnMap":{},"branchMap":{},"s":{},"f":{},"b":{},"_coverageSchema":"1a1c01bbd47fc00a2c39e90264f33305004495a9","hash":"6c65606701725650f519577ecda986a6a13b50a0"}
,"C:\\Users\\LENOVO\\Documents\\TestingBootCampWizeline\\src\\components\\DatePicker\\picture-date-picker.jsx": {"path":"C:\\Users\\LENOVO\\Documents\\TestingBootCampWizeline\\src\\components\\DatePicker\\picture-date-picker.jsx","statementMap":{"0":{"start":{"line":8,"column":33},"end":{"line":27,"column":1}},"1":{"start":{"line":9,"column":28},"end":{"line":9,"column":33}},"2":{"start":{"line":11,"column":2},"end":{"line":26,"column":4}},"3":{"start":{"line":18,"column":12},"end":{"line":18,"column":29}},"4":{"start":{"line":20,"column":35},"end":{"line":20,"column":60}}},"fnMap":{"0":{"name":"(anonymous_0)","decl":{"start":{"line":8,"column":33},"end":{"line":8,"column":34}},"loc":{"start":{"line":8,"column":44},"end":{"line":27,"column":1}},"line":8},"1":{"name":"(anonymous_1)","decl":{"start":{"line":17,"column":20},"end":{"line":17,"column":21}},"loc":{"start":{"line":17,"column":33},"end":{"line":19,"column":11}},"line":17},"2":{"name":"(anonymous_2)","decl":{"start":{"line":20,"column":23},"end":{"line":20,"column":24}},"loc":{"start":{"line":20,"column":35},"end":{"line":20,"column":60}},"line":20}},"branchMap":{"0":{"loc":{"start":{"line":21,"column":17},"end":{"line":21,"column":29}},"type":"binary-expr","locations":[{"start":{"line":21,"column":17},"end":{"line":21,"column":21}},{"start":{"line":21,"column":25},"end":{"line":21,"column":29}}],"line":21}},"s":{"0":2,"1":11,"2":11,"3":0,"4":14},"f":{"0":11,"1":0,"2":14},"b":{"0":[11,1]},"_coverageSchema":"1a1c01bbd47fc00a2c39e90264f33305004495a9","hash":"f1dde9d20b3b1635ea3ced011e582ba0521f9a1a"}
,"C:\\Users\\LENOVO\\Documents\\TestingBootCampWizeline\\src\\components\\DatePicker\\styles\\picture-date-picker.styled.js": {"path":"C:\\Users\\LENOVO\\Documents\\TestingBootCampWizeline\\src\\components\\DatePicker\\styles\\picture-date-picker.styled.js","statementMap":{"0":{"start":{"line":3,"column":35},"end":{"line":6,"column":1}}},"fnMap":{},"branchMap":{},"s":{"0":2},"f":{},"b":{},"_coverageSchema":"1a1c01bbd47fc00a2c39e90264f33305004495a9","hash":"101341b2216425a21a1553abe029f1e36a2d5c9b"}
,"C:\\Users\\LENOVO\\Documents\\TestingBootCampWizeline\\src\\components\\Footer\\footer.jsx": {"path":"C:\\Users\\LENOVO\\Documents\\TestingBootCampWizeline\\src\\components\\Footer\\footer.jsx","statementMap":{"0":{"start":{"line":4,"column":22},"end":{"line":15,"column":1}},"1":{"start":{"line":5,"column":2},"end":{"line":14,"column":4}}},"fnMap":{"0":{"name":"(anonymous_0)","decl":{"start":{"line":4,"column":22},"end":{"line":4,"column":23}},"loc":{"start":{"line":4,"column":28},"end":{"line":15,"column":1}},"line":4}},"branchMap":{},"s":{"0":2,"1":11},"f":{"0":11},"b":{},"_coverageSchema":"1a1c01bbd47fc00a2c39e90264f33305004495a9","hash":"5de8e235ffe12faa65a78248dbd90bac9925c652"}
,"C:\\Users\\LENOVO\\Documents\\TestingBootCampWizeline\\src\\components\\Footer\\index.js": {"path":"C:\\Users\\LENOVO\\Documents\\TestingBootCampWizeline\\src\\components\\Footer\\index.js","statementMap":{},"fnMap":{},"branchMap":{},"s":{},"f":{},"b":{},"_coverageSchema":"1a1c01bbd47fc00a2c39e90264f33305004495a9","hash":"a9a0f0749b20d82b04365810726c6482b5c0f6f4"}
,"C:\\Users\\LENOVO\\Documents\\TestingBootCampWizeline\\src\\components\\Footer\\styles\\footer.styled.js": {"path":"C:\\Users\\LENOVO\\Documents\\TestingBootCampWizeline\\src\\components\\Footer\\styles\\footer.styled.js","statementMap":{"0":{"start":{"line":4,"column":31},"end":{"line":8,"column":1}},"1":{"start":{"line":10,"column":33},"end":{"line":15,"column":1}}},"fnMap":{},"branchMap":{},"s":{"0":2,"1":2},"f":{},"b":{},"_coverageSchema":"1a1c01bbd47fc00a2c39e90264f33305004495a9","hash":"bc4e93883f8ddcebbd79fc5a37f376d228c51819"}
,"C:\\Users\\LENOVO\\Documents\\TestingBootCampWizeline\\src\\components\\Header\\header.jsx": {"path":"C:\\Users\\LENOVO\\Documents\\TestingBootCampWizeline\\src\\components\\Header\\header.jsx","statementMap":{"0":{"start":{"line":3,"column":22},"end":{"line":11,"column":1}},"1":{"start":{"line":4,"column":2},"end":{"line":10,"column":4}}},"fnMap":{"0":{"name":"(anonymous_0)","decl":{"start":{"line":3,"column":22},"end":{"line":3,"column":23}},"loc":{"start":{"line":3,"column":28},"end":{"line":11,"column":1}},"line":3}},"branchMap":{},"s":{"0":2,"1":11},"f":{"0":11},"b":{},"_coverageSchema":"1a1c01bbd47fc00a2c39e90264f33305004495a9","hash":"23dabc3df13c3a495d03264926af4ee6f14fffc1"}
,"C:\\Users\\LENOVO\\Documents\\TestingBootCampWizeline\\src\\components\\Header\\index.js": {"path":"C:\\Users\\LENOVO\\Documents\\TestingBootCampWizeline\\src\\components\\Header\\index.js","statementMap":{},"fnMap":{},"branchMap":{},"s":{},"f":{},"b":{},"_coverageSchema":"1a1c01bbd47fc00a2c39e90264f33305004495a9","hash":"9d947da8d9ef2bb4623a5ca7a01e1959a5fd100a"}
,"C:\\Users\\LENOVO\\Documents\\TestingBootCampWizeline\\src\\components\\Header\\styles\\header.styled.js": {"path":"C:\\Users\\LENOVO\\Documents\\TestingBootCampWizeline\\src\\components\\Header\\styles\\header.styled.js","statementMap":{"0":{"start":{"line":4,"column":31},"end":{"line":8,"column":1}},"1":{"start":{"line":10,"column":33},"end":{"line":15,"column":1}}},"fnMap":{},"branchMap":{},"s":{"0":2,"1":2},"f":{},"b":{},"_coverageSchema":"1a1c01bbd47fc00a2c39e90264f33305004495a9","hash":"9d19ad4caed72bfef58e9edab02598d1a961f289"}
,"C:\\Users\\LENOVO\\Documents\\TestingBootCampWizeline\\src\\components\\Loading\\index.js": {"path":"C:\\Users\\LENOVO\\Documents\\TestingBootCampWizeline\\src\\components\\Loading\\index.js","statementMap":{},"fnMap":{},"branchMap":{},"s":{},"f":{},"b":{},"_coverageSchema":"1a1c01bbd47fc00a2c39e90264f33305004495a9","hash":"02e8f4abd729c91976b12c2280bdd21dd72c9fb8"}
,"C:\\Users\\LENOVO\\Documents\\TestingBootCampWizeline\\src\\components\\Loading\\loading.jsx": {"path":"C:\\Users\\LENOVO\\Documents\\TestingBootCampWizeline\\src\\components\\Loading\\loading.jsx","statementMap":{"0":{"start":{"line":5,"column":23},"end":{"line":11,"column":1}},"1":{"start":{"line":6,"column":2},"end":{"line":10,"column":4}}},"fnMap":{"0":{"name":"(anonymous_0)","decl":{"start":{"line":5,"column":23},"end":{"line":5,"column":24}},"loc":{"start":{"line":5,"column":29},"end":{"line":11,"column":1}},"line":5}},"branchMap":{},"s":{"0":2,"1":8},"f":{"0":8},"b":{},"_coverageSchema":"1a1c01bbd47fc00a2c39e90264f33305004495a9","hash":"8986085a5b1f5795a9386e7eb7b04f2fd555355c"}
,"C:\\Users\\LENOVO\\Documents\\TestingBootCampWizeline\\src\\components\\Loading\\styles\\loading.styled.js": {"path":"C:\\Users\\LENOVO\\Documents\\TestingBootCampWizeline\\src\\components\\Loading\\styles\\loading.styled.js","statementMap":{"0":{"start":{"line":3,"column":32},"end":{"line":6,"column":1}}},"fnMap":{},"branchMap":{},"s":{"0":2},"f":{},"b":{},"_coverageSchema":"1a1c01bbd47fc00a2c39e90264f33305004495a9","hash":"08945f78ccecbcbf98d4b89d3a17585342e549a3"}
,"C:\\Users\\LENOVO\\Documents\\TestingBootCampWizeline\\src\\hooks\\useGetData.jsx": {"path":"C:\\Users\\LENOVO\\Documents\\TestingBootCampWizeline\\src\\hooks\\useGetData.jsx","statementMap":{"0":{"start":{"line":5,"column":26},"end":{"line":52,"column":1}},"1":{"start":{"line":6,"column":26},"end":{"line":6,"column":46}},"2":{"start":{"line":7,"column":40},"end":{"line":7,"column":50}},"3":{"start":{"line":8,"column":32},"end":{"line":8,"column":46}},"4":{"start":{"line":9,"column":30},"end":{"line":9,"column":45}},"5":{"start":{"line":11,"column":20},"end":{"line":39,"column":12}},"6":{"start":{"line":12,"column":23},"end":{"line":20,"column":5}},"7":{"start":{"line":13,"column":8},"end":{"line":18,"column":9}},"8":{"start":{"line":14,"column":36},"end":{"line":14,"column":50}},"9":{"start":{"line":15,"column":31},"end":{"line":15,"column":46}},"10":{"start":{"line":16,"column":30},"end":{"line":16,"column":48}},"11":{"start":{"line":17,"column":10},"end":{"line":17,"column":82}},"12":{"start":{"line":19,"column":8},"end":{"line":19,"column":18}},"13":{"start":{"line":22,"column":4},"end":{"line":22,"column":32}},"14":{"start":{"line":22,"column":25},"end":{"line":22,"column":32}},"15":{"start":{"line":23,"column":4},"end":{"line":23,"column":21}},"16":{"start":{"line":25,"column":16},"end":{"line":25,"column":121}},"17":{"start":{"line":27,"column":4},"end":{"line":38,"column":5}},"18":{"start":{"line":28,"column":23},"end":{"line":28,"column":43}},"19":{"start":{"line":29,"column":6},"end":{"line":29,"column":27}},"20":{"start":{"line":30,"column":6},"end":{"line":30,"column":23}},"21":{"start":{"line":33,"column":6},"end":{"line":34,"column":27}},"22":{"start":{"line":33,"column":31},"end":{"line":33,"column":62}},"23":{"start":{"line":34,"column":11},"end":{"line":34,"column":27}},"24":{"start":{"line":35,"column":6},"end":{"line":35,"column":25}},"25":{"start":{"line":37,"column":6},"end":{"line":37,"column":24}},"26":{"start":{"line":41,"column":2},"end":{"line":43,"column":18}},"27":{"start":{"line":42,"column":4},"end":{"line":42,"column":16}},"28":{"start":{"line":45,"column":2},"end":{"line":51,"column":4}}},"fnMap":{"0":{"name":"(anonymous_0)","decl":{"start":{"line":5,"column":26},"end":{"line":5,"column":27}},"loc":{"start":{"line":5,"column":32},"end":{"line":52,"column":1}},"line":5},"1":{"name":"(anonymous_1)","decl":{"start":{"line":11,"column":32},"end":{"line":11,"column":33}},"loc":{"start":{"line":11,"column":44},"end":{"line":39,"column":3}},"line":11},"2":{"name":"(anonymous_2)","decl":{"start":{"line":12,"column":23},"end":{"line":12,"column":24}},"loc":{"start":{"line":12,"column":29},"end":{"line":20,"column":5}},"line":12},"3":{"name":"(anonymous_3)","decl":{"start":{"line":41,"column":12},"end":{"line":41,"column":13}},"loc":{"start":{"line":41,"column":18},"end":{"line":43,"column":3}},"line":41}},"branchMap":{"0":{"loc":{"start":{"line":13,"column":8},"end":{"line":18,"column":9}},"type":"if","locations":[{"start":{"line":13,"column":8},"end":{"line":18,"column":9}},{"start":{},"end":{}}],"line":13},"1":{"loc":{"start":{"line":22,"column":4},"end":{"line":22,"column":32}},"type":"if","locations":[{"start":{"line":22,"column":4},"end":{"line":22,"column":32}},{"start":{},"end":{}}],"line":22},"2":{"loc":{"start":{"line":22,"column":8},"end":{"line":22,"column":23}},"type":"binary-expr","locations":[{"start":{"line":22,"column":8},"end":{"line":22,"column":14}},{"start":{"line":22,"column":18},"end":{"line":22,"column":23}}],"line":22},"3":{"loc":{"start":{"line":33,"column":6},"end":{"line":34,"column":27}},"type":"if","locations":[{"start":{"line":33,"column":6},"end":{"line":34,"column":27}},{"start":{"line":34,"column":11},"end":{"line":34,"column":27}}],"line":33}},"s":{"0":2,"1":13,"2":12,"3":12,"4":12,"5":12,"6":9,"7":8,"8":8,"9":8,"10":8,"11":8,"12":0,"13":9,"14":1,"15":8,"16":8,"17":8,"18":8,"19":4,"20":4,"21":0,"22":0,"23":0,"24":0,"25":4,"26":12,"27":9,"28":12},"f":{"0":13,"1":9,"2":8,"3":9},"b":{"0":[8,0],"1":[1,8],"2":[9,9],"3":[0,0]},"_coverageSchema":"1a1c01bbd47fc00a2c39e90264f33305004495a9","hash":"0b44ba8204dd4add6b5202c27fbcab5a52aa384a"}
,"C:\\Users\\LENOVO\\Documents\\TestingBootCampWizeline\\src\\mocks\\handlers.js": {"path":"C:\\Users\\LENOVO\\Documents\\TestingBootCampWizeline\\src\\mocks\\handlers.js","statementMap":{"0":{"start":{"line":3,"column":24},"end":{"line":32,"column":1}},"1":{"start":{"line":5,"column":17},"end":{"line":5,"column":49}},"2":{"start":{"line":6,"column":4},"end":{"line":14,"column":8}},"3":{"start":{"line":7,"column":6},"end":{"line":14,"column":8}},"4":{"start":{"line":16,"column":4},"end":{"line":30,"column":6}}},"fnMap":{"0":{"name":"(anonymous_0)","decl":{"start":{"line":4,"column":50},"end":{"line":4,"column":51}},"loc":{"start":{"line":4,"column":69},"end":{"line":31,"column":3}},"line":4}},"branchMap":{"0":{"loc":{"start":{"line":6,"column":4},"end":{"line":14,"column":8}},"type":"if","locations":[{"start":{"line":6,"column":4},"end":{"line":14,"column":8}},{"start":{},"end":{}}],"line":6}},"s":{"0":2,"1":8,"2":8,"3":1,"4":7},"f":{"0":8},"b":{"0":[1,7]},"_coverageSchema":"1a1c01bbd47fc00a2c39e90264f33305004495a9","hash":"c1bebd85d3a5cb91406a48f517f5feb067bd8f22"}
,"C:\\Users\\LENOVO\\Documents\\TestingBootCampWizeline\\src\\mocks\\server.js": {"path":"C:\\Users\\LENOVO\\Documents\\TestingBootCampWizeline\\src\\mocks\\server.js","statementMap":{"0":{"start":{"line":4,"column":22},"end":{"line":4,"column":46}}},"fnMap":{},"branchMap":{},"s":{"0":2},"f":{},"b":{},"_coverageSchema":"1a1c01bbd47fc00a2c39e90264f33305004495a9","hash":"d79b13bbf358f1d8bde1a488d0720ea9ce37b08c"}
,"C:\\Users\\LENOVO\\Documents\\TestingBootCampWizeline\\src\\pages\\picture-of-the-day\\index.js": {"path":"C:\\Users\\LENOVO\\Documents\\TestingBootCampWizeline\\src\\pages\\picture-of-the-day\\index.js","statementMap":{},"fnMap":{},"branchMap":{},"s":{},"f":{},"b":{},"_coverageSchema":"1a1c01bbd47fc00a2c39e90264f33305004495a9","hash":"2db6ad7693326f96724dd45a752cbfe51de6ddb6"}
,"C:\\Users\\LENOVO\\Documents\\TestingBootCampWizeline\\src\\pages\\picture-of-the-day\\picture-of-the-day.jsx": {"path":"C:\\Users\\LENOVO\\Documents\\TestingBootCampWizeline\\src\\pages\\picture-of-the-day\\picture-of-the-day.jsx","statementMap":{"0":{"start":{"line":10,"column":22},"end":{"line":15,"column":1}},"1":{"start":{"line":17,"column":22},"end":{"line":23,"column":1}},"2":{"start":{"line":25,"column":23},"end":{"line":36,"column":1}},"3":{"start":{"line":32,"column":4},"end":{"line":32,"column":68}},"4":{"start":{"line":38,"column":14},"end":{"line":46,"column":1}},"5":{"start":{"line":48,"column":22},"end":{"line":57,"column":1}},"6":{"start":{"line":59,"column":22},"end":{"line":75,"column":1}},"7":{"start":{"line":68,"column":28},"end":{"line":68,"column":58}},"8":{"start":{"line":77,"column":31},"end":{"line":117,"column":1}},"9":{"start":{"line":78,"column":58},"end":{"line":78,"column":70}},"10":{"start":{"line":80,"column":2},"end":{"line":116,"column":4}}},"fnMap":{"0":{"name":"(anonymous_0)","decl":{"start":{"line":31,"column":22},"end":{"line":31,"column":23}},"loc":{"start":{"line":32,"column":4},"end":{"line":32,"column":68}},"line":32},"1":{"name":"(anonymous_1)","decl":{"start":{"line":68,"column":16},"end":{"line":68,"column":17}},"loc":{"start":{"line":68,"column":28},"end":{"line":68,"column":58}},"line":68},"2":{"name":"(anonymous_2)","decl":{"start":{"line":77,"column":31},"end":{"line":77,"column":32}},"loc":{"start":{"line":77,"column":37},"end":{"line":117,"column":1}},"line":77}},"branchMap":{"0":{"loc":{"start":{"line":32,"column":4},"end":{"line":32,"column":68}},"type":"cond-expr","locations":[{"start":{"line":32,"column":18},"end":{"line":32,"column":39}},{"start":{"line":32,"column":42},"end":{"line":32,"column":68}}],"line":32},"1":{"loc":{"start":{"line":68,"column":28},"end":{"line":68,"column":58}},"type":"cond-expr","locations":[{"start":{"line":68,"column":42},"end":{"line":68,"column":48}},{"start":{"line":68,"column":51},"end":{"line":68,"column":58}}],"line":68},"2":{"loc":{"start":{"line":87,"column":13},"end":{"line":96,"column":13}},"type":"cond-expr","locations":[{"start":{"line":88,"column":14},"end":{"line":88,"column":33}},{"start":{"line":90,"column":14},"end":{"line":95,"column":15}}],"line":87},"3":{"loc":{"start":{"line":90,"column":14},"end":{"line":95,"column":15}},"type":"binary-expr","locations":[{"start":{"line":90,"column":14},"end":{"line":90,"column":21}},{"start":{"line":91,"column":16},"end":{"line":94,"column":18}}],"line":90},"4":{"loc":{"start":{"line":93,"column":23},"end":{"line":93,"column":47}},"type":"binary-expr","locations":[{"start":{"line":93,"column":23},"end":{"line":93,"column":39}},{"start":{"line":93,"column":43},"end":{"line":93,"column":47}}],"line":93},"5":{"loc":{"start":{"line":99,"column":48},"end":{"line":99,"column":68}},"type":"cond-expr","locations":[{"start":{"line":99,"column":57},"end":{"line":99,"column":61}},{"start":{"line":99,"column":64},"end":{"line":99,"column":68}}],"line":99},"6":{"loc":{"start":{"line":100,"column":15},"end":{"line":104,"column":36}},"type":"cond-expr","locations":[{"start":{"line":101,"column":18},"end":{"line":103,"column":26}},{"start":{"line":104,"column":18},"end":{"line":104,"column":36}}],"line":100},"7":{"loc":{"start":{"line":101,"column":18},"end":{"line":103,"column":26}},"type":"cond-expr","locations":[{"start":{"line":102,"column":20},"end":{"line":102,"column":49}},{"start":{"line":103,"column":20},"end":{"line":103,"column":26}}],"line":101},"8":{"loc":{"start":{"line":107,"column":15},"end":{"line":109,"column":48}},"type":"cond-expr","locations":[{"start":{"line":108,"column":18},"end":{"line":108,"column":57}},{"start":{"line":109,"column":18},"end":{"line":109,"column":48}}],"line":107},"9":{"loc":{"start":{"line":109,"column":18},"end":{"line":109,"column":48}},"type":"binary-expr","locations":[{"start":{"line":109,"column":18},"end":{"line":109,"column":42}},{"start":{"line":109,"column":46},"end":{"line":109,"column":48}}],"line":109}},"s":{"0":2,"1":2,"2":2,"3":11,"4":2,"5":2,"6":2,"7":11,"8":2,"9":13,"10":12},"f":{"0":11,"1":11,"2":13},"b":{"0":[10,1],"1":[10,1],"2":[9,3],"3":[3,2],"4":[2,1],"5":[1,11],"6":[1,11],"7":[0,1],"8":[0,12],"9":[12,9]},"_coverageSchema":"1a1c01bbd47fc00a2c39e90264f33305004495a9","hash":"faddc48648532cc029e191511636ace2a968ec10"}
,"C:\\Users\\LENOVO\\Documents\\TestingBootCampWizeline\\src\\pages\\picture-of-the-day\\styles\\picture-of-the-day.styled.js": {"path":"C:\\Users\\LENOVO\\Documents\\TestingBootCampWizeline\\src\\pages\\picture-of-the-day\\styles\\picture-of-the-day.styled.js","statementMap":{},"fnMap":{},"branchMap":{},"s":{},"f":{},"b":{}}
}
