TN:
SF:src\App.js
FN:3,App
FNF:1
FNH:1
FNDA:1,App
DA:4,1
LF:1
LH:1
BRF:0
BRH:0
end_of_record
TN:
SF:src\components\index.js
FNF:0
FNH:0
LF:0
LH:0
BRF:0
BRH:0
end_of_record
TN:
SF:src\components\DatePicker\index.js
FNF:0
FNH:0
LF:0
LH:0
BRF:0
BRH:0
end_of_record
TN:
SF:src\components\DatePicker\picture-date-picker.jsx
FN:8,(anonymous_0)
FN:17,(anonymous_1)
FN:20,(anonymous_2)
FNF:3
FNH:2
FNDA:11,(anonymous_0)
FNDA:0,(anonymous_1)
FNDA:14,(anonymous_2)
DA:8,2
DA:9,11
DA:11,11
DA:18,0
DA:20,14
LF:5
LH:4
BRDA:21,0,0,11
BRDA:21,0,1,1
BRF:2
BRH:2
end_of_record
TN:
SF:src\components\DatePicker\styles\picture-date-picker.styled.js
FNF:0
FNH:0
DA:3,2
LF:1
LH:1
BRF:0
BRH:0
end_of_record
TN:
SF:src\components\Footer\footer.jsx
FN:4,(anonymous_0)
FNF:1
FNH:1
FNDA:11,(anonymous_0)
DA:4,2
DA:5,11
LF:2
LH:2
BRF:0
BRH:0
end_of_record
TN:
SF:src\components\Footer\index.js
FNF:0
FNH:0
LF:0
LH:0
BRF:0
BRH:0
end_of_record
TN:
SF:src\components\Footer\styles\footer.styled.js
FNF:0
FNH:0
DA:4,2
DA:10,2
LF:2
LH:2
BRF:0
BRH:0
end_of_record
TN:
SF:src\components\Header\header.jsx
FN:3,(anonymous_0)
FNF:1
FNH:1
FNDA:11,(anonymous_0)
DA:3,2
DA:4,11
LF:2
LH:2
BRF:0
BRH:0
end_of_record
TN:
SF:src\components\Header\index.js
FNF:0
FNH:0
LF:0
LH:0
BRF:0
BRH:0
end_of_record
TN:
SF:src\components\Header\styles\header.styled.js
FNF:0
FNH:0
DA:4,2
DA:10,2
LF:2
LH:2
BRF:0
BRH:0
end_of_record
TN:
SF:src\components\Loading\index.js
FNF:0
FNH:0
LF:0
LH:0
BRF:0
BRH:0
end_of_record
TN:
SF:src\components\Loading\loading.jsx
FN:5,(anonymous_0)
FNF:1
FNH:1
FNDA:8,(anonymous_0)
DA:5,2
DA:6,8
LF:2
LH:2
BRF:0
BRH:0
end_of_record
TN:
SF:src\components\Loading\styles\loading.styled.js
FNF:0
FNH:0
DA:3,2
LF:1
LH:1
BRF:0
BRH:0
end_of_record
TN:
SF:src\hooks\useGetData.jsx
FN:5,(anonymous_0)
FN:11,(anonymous_1)
FN:12,(anonymous_2)
FN:41,(anonymous_3)
FNF:4
FNH:4
FNDA:13,(anonymous_0)
FNDA:9,(anonymous_1)
FNDA:8,(anonymous_2)
FNDA:9,(anonymous_3)
DA:5,2
DA:6,13
DA:7,12
DA:8,12
DA:9,12
DA:11,12
DA:12,9
DA:13,8
DA:14,8
DA:15,8
DA:16,8
DA:17,8
DA:19,0
DA:22,9
DA:23,8
DA:25,8
DA:27,8
DA:28,8
DA:29,4
DA:30,4
DA:33,0
DA:34,0
DA:35,0
DA:37,4
DA:41,12
DA:42,9
DA:45,12
LF:27
LH:23
BRDA:13,0,0,8
BRDA:13,0,1,0
BRDA:22,1,0,1
BRDA:22,1,1,8
BRDA:22,2,0,9
BRDA:22,2,1,9
BRDA:33,3,0,0
BRDA:33,3,1,0
BRF:8
BRH:5
end_of_record
TN:
SF:src\mocks\handlers.js
FN:4,(anonymous_0)
FNF:1
FNH:1
FNDA:8,(anonymous_0)
DA:3,2
DA:5,8
DA:6,8
DA:7,1
DA:16,7
LF:5
LH:5
BRDA:6,0,0,1
BRDA:6,0,1,7
BRF:2
BRH:2
end_of_record
TN:
SF:src\mocks\server.js
FNF:0
FNH:0
DA:4,2
LF:1
LH:1
BRF:0
BRH:0
end_of_record
TN:
SF:src\pages\picture-of-the-day\index.js
FNF:0
FNH:0
LF:0
LH:0
BRF:0
BRH:0
end_of_record
TN:
SF:src\pages\picture-of-the-day\picture-of-the-day.jsx
FN:31,(anonymous_0)
FN:68,(anonymous_1)
FN:77,(anonymous_2)
FNF:3
FNH:3
FNDA:11,(anonymous_0)
FNDA:11,(anonymous_1)
FNDA:13,(anonymous_2)
DA:10,2
DA:17,2
DA:25,2
DA:32,11
DA:38,2
DA:48,2
DA:59,2
DA:68,11
DA:77,2
DA:78,13
DA:80,12
LF:11
LH:11
BRDA:32,0,0,10
BRDA:32,0,1,1
BRDA:68,1,0,10
BRDA:68,1,1,1
BRDA:87,2,0,9
BRDA:87,2,1,3
BRDA:90,3,0,3
BRDA:90,3,1,2
BRDA:93,4,0,2
BRDA:93,4,1,1
BRDA:99,5,0,1
BRDA:99,5,1,11
BRDA:100,6,0,1
BRDA:100,6,1,11
BRDA:101,7,0,0
BRDA:101,7,1,1
BRDA:107,8,0,0
BRDA:107,8,1,12
BRDA:109,9,0,12
BRDA:109,9,1,9
BRF:20
BRH:18
end_of_record
TN:
SF:src\pages\picture-of-the-day\styles\picture-of-the-day.styled.js
FNF:0
FNH:0
LF:0
LH:0
BRF:0
BRH:0
end_of_record
