TN:
SF:src\App.js
FN:3,App
FNF:1
FNH:1
FNDA:1,App
DA:4,1
LF:1
LH:1
BRF:0
BRH:0
end_of_record
TN:
SF:src\components\index.js
FNF:0
FNH:0
LF:0
LH:0
BRF:0
BRH:0
end_of_record
TN:
SF:src\components\DatePicker\index.js
FNF:0
FNH:0
LF:0
LH:0
BRF:0
BRH:0
end_of_record
TN:
SF:src\components\DatePicker\picture-date-picker.jsx
FN:8,(anonymous_0)
FN:17,(anonymous_1)
FN:20,(anonymous_2)
FNF:3
FNH:2
FNDA:8,(anonymous_0)
FNDA:0,(anonymous_1)
FNDA:10,(anonymous_2)
DA:8,2
DA:9,8
DA:11,8
DA:18,0
DA:20,10
LF:5
LH:4
BRDA:21,0,0,8
BRDA:21,0,1,0
BRF:2
BRH:1
end_of_record
TN:
SF:src\components\DatePicker\styles\picture-date-picker.styled.js
FNF:0
FNH:0
DA:3,2
LF:1
LH:1
BRF:0
BRH:0
end_of_record
TN:
SF:src\components\Footer\footer.jsx
FN:4,(anonymous_0)
FNF:1
FNH:1
FNDA:8,(anonymous_0)
DA:4,2
DA:5,8
LF:2
LH:2
BRF:0
BRH:0
end_of_record
TN:
SF:src\components\Footer\index.js
FNF:0
FNH:0
LF:0
LH:0
BRF:0
BRH:0
end_of_record
TN:
SF:src\components\Footer\styles\footer.styled.js
FNF:0
FNH:0
DA:4,2
DA:10,2
LF:2
LH:2
BRF:0
BRH:0
end_of_record
TN:
SF:src\components\Header\header.jsx
FN:3,(anonymous_0)
FNF:1
FNH:1
FNDA:8,(anonymous_0)
DA:3,2
DA:4,8
LF:2
LH:2
BRF:0
BRH:0
end_of_record
TN:
SF:src\components\Header\index.js
FNF:0
FNH:0
LF:0
LH:0
BRF:0
BRH:0
end_of_record
TN:
SF:src\components\Header\styles\header.styled.js
FNF:0
FNH:0
DA:4,2
DA:10,2
LF:2
LH:2
BRF:0
BRH:0
end_of_record
TN:
SF:src\components\Loading\index.js
FNF:0
FNH:0
LF:0
LH:0
BRF:0
BRH:0
end_of_record
TN:
SF:src\components\Loading\loading.jsx
FN:5,(anonymous_0)
FNF:1
FNH:1
FNDA:7,(anonymous_0)
DA:5,2
DA:6,7
LF:2
LH:2
BRF:0
BRH:0
end_of_record
TN:
SF:src\components\Loading\styles\loading.styled.js
FNF:0
FNH:0
DA:3,2
LF:1
LH:1
BRF:0
BRH:0
end_of_record
TN:
SF:src\hooks\useGetData.jsx
FN:4,(anonymous_0)
FN:10,(anonymous_1)
FN:11,(anonymous_2)
FN:39,(anonymous_3)
FNF:4
FNH:4
FNDA:8,(anonymous_0)
FNDA:7,(anonymous_1)
FNDA:7,(anonymous_2)
FNDA:7,(anonymous_3)
DA:4,2
DA:5,8
DA:6,8
DA:7,8
DA:8,8
DA:10,8
DA:11,7
DA:12,7
DA:13,7
DA:14,7
DA:15,7
DA:16,7
DA:18,0
DA:21,7
DA:22,7
DA:24,7
DA:26,7
DA:27,7
DA:28,4
DA:29,4
DA:31,0
DA:32,0
DA:33,0
DA:35,4
DA:39,8
DA:40,7
DA:43,8
LF:27
LH:23
BRDA:12,0,0,7
BRDA:12,0,1,0
BRDA:21,1,0,0
BRDA:21,1,1,7
BRDA:21,2,0,7
BRDA:21,2,1,7
BRDA:31,3,0,0
BRDA:31,3,1,0
BRF:8
BRH:4
end_of_record
TN:
SF:src\mocks\handlers.js
FN:4,(anonymous_0)
FNF:1
FNH:1
FNDA:7,(anonymous_0)
DA:3,2
DA:5,7
LF:2
LH:2
BRF:0
BRH:0
end_of_record
TN:
SF:src\mocks\server.js
FNF:0
FNH:0
DA:4,2
LF:1
LH:1
BRF:0
BRH:0
end_of_record
TN:
SF:src\pages\picture-of-the-day\index.js
FNF:0
FNH:0
LF:0
LH:0
BRF:0
BRH:0
end_of_record
TN:
SF:src\pages\picture-of-the-day\picture-of-the-day.jsx
FN:31,(anonymous_0)
FN:68,(anonymous_1)
FN:77,(anonymous_2)
FNF:3
FNH:3
FNDA:8,(anonymous_0)
FNDA:8,(anonymous_1)
FNDA:8,(anonymous_2)
DA:10,2
DA:17,2
DA:25,2
DA:32,8
DA:38,2
DA:48,2
DA:59,2
DA:68,8
DA:77,2
DA:78,8
DA:80,8
LF:11
LH:11
BRDA:32,0,0,8
BRDA:32,0,1,0
BRDA:68,1,0,8
BRDA:68,1,1,0
BRDA:87,2,0,7
BRDA:87,2,1,1
BRDA:90,3,0,1
BRDA:90,3,1,1
BRDA:93,4,0,1
BRDA:93,4,1,0
BRDA:99,5,0,0
BRDA:99,5,1,8
BRDA:100,6,0,0
BRDA:100,6,1,8
BRDA:101,7,0,0
BRDA:101,7,1,0
BRDA:107,8,0,0
BRDA:107,8,1,8
BRDA:109,9,0,8
BRDA:109,9,1,7
BRF:20
BRH:12
end_of_record
TN:
SF:src\pages\picture-of-the-day\styles\picture-of-the-day.styled.js
FNF:0
FNH:0
LF:0
LH:0
BRF:0
BRH:0
end_of_record
